{
  "numFailedTestSuites": 0,
  "numFailedTests": 0,
  "numPassedTestSuites": 3,
  "numPassedTests": 9,
  "numPendingTestSuites": 0,
  "numPendingTests": 0,
  "numRuntimeErrorTestSuites": 0,
  "numTotalTestSuites": 3,
  "numTotalTests": 9,
  "snapshot": {
    "added": 0,
    "didUpdate": false,
    "failure": false,
    "filesAdded": 0,
    "filesRemoved": 0,
    "filesUnmatched": 0,
    "filesUpdated": 0,
    "matched": 0,
    "total": 0,
    "unchecked": 0,
    "unmatched": 0,
    "updated": 0
  },
  "startTime": 1501808991269,
  "success": true,
  "testResults": [
    {
      "assertionResults": [
        {
          "failureMessages": [],
          "status": "passed",
          "title": "fails if they have errors"
        },
        {
          "failureMessages": [],
          "status": "passed",
          "title": "warns if they have warnings"
        }
      ],
      "endTime": 1501808992053,
      "message": "",
      "name": "/home/sean/code/dutil/src/duties/lint.spec.js",
      "startTime": 1501808991695,
      "status": "passed",
      "summary": ""
    },
    {
      "assertionResults": [
        {
          "failureMessages": [],
          "status": "passed",
          "title": "runs the passed function"
        }
      ],
      "endTime": 1501808992190,
      "message": "",
      "name": "/home/sean/code/dutil/src/utils.spec.js",
      "startTime": 1501808992073,
      "status": "passed",
      "summary": ""
    },
    {
      "assertionResults": [
        {
          "failureMessages": [],
          "status": "passed",
          "title": "fails if the description is empty"
        },
        {
          "failureMessages": [],
          "status": "passed",
          "title": "warns if there are too many additions"
        },
        {
          "failureMessages": [],
          "status": "passed",
          "title": "warns if there are too many deletions"
        },
        {
          "failureMessages": [],
          "status": "passed",
          "title": "warns if there are too many additions and deletions"
        },
        {
          "failureMessages": [],
          "status": "passed",
          "title": "fails if there is no assignee"
        },
        {
          "failureMessages": [],
          "status": "passed",
          "title": "warns if there are not enough reviewers"
        }
      ],
      "endTime": 1501808992298,
      "message": "",
      "name": "/home/sean/code/dutil/src/duties/pr.spec.js",
      "startTime": 1501808992206,
      "status": "passed",
      "summary": ""
    }
  ],
  "wasInterrupted": false
}
